<?xml version="1.0" encoding="UTF-8"?>
<!-- Generated by org.testng.reporters.JUnitXMLReporter -->
<testsuite hostname="TarunLaptop" ignored="2" name="FlinkTestCases" tests="2" failures="0" timestamp="2021-12-06T02:08:37 IST" time="28.582" errors="0">
  <testcase name="verifyWeatherShopperEndToEnd_T1" time="27.561" classname="weatherShopperTest.AssignmentTC1"/>
  <testcase name="verifyWeatherShopperEndToEnd_T2" time="28.557" classname="weatherShopperTest.AssignmentTC2"/>
  <testcase name="@AfterSuite endTest" time="0.0" classname="weatherShopperTest.BaseTest">
    <ignored/>
  </testcase> <!-- @AfterSuite endTest -->
  <testcase name="@BeforeSuite startTest" time="0.0" classname="weatherShopperTest.BaseTest">
    <ignored/>
  </testcase> <!-- @BeforeSuite startTest -->
</testsuite> <!-- FlinkTestCases -->
